[debug] [2019-06-22T20:25:14.902Z] ----------------------------------------------------------------------
[debug] [2019-06-22T20:25:14.905Z] Command:       C:\Program Files\nodejs\node.exe C:\Users\Daniel F\AppData\Roaming\npm\node_modules\firebase-tools\lib\bin\firebase.js serve --only functions --port=9000
[debug] [2019-06-22T20:25:14.905Z] CLI Version:   7.0.0
[debug] [2019-06-22T20:25:14.905Z] Platform:      win32
[debug] [2019-06-22T20:25:14.905Z] Node Version:  v10.13.0
[debug] [2019-06-22T20:25:14.907Z] Time:          Sat Jun 22 2019 16:25:14 GMT-0400 (Eastern Daylight Time)
[debug] [2019-06-22T20:25:14.907Z] ----------------------------------------------------------------------
[debug] 
[debug] [2019-06-22T20:25:14.919Z] > command requires scopes: ["email","openid","https://www.googleapis.com/auth/cloudplatformprojects.readonly","https://www.googleapis.com/auth/firebase","https://www.googleapis.com/auth/cloud-platform"]
[debug] [2019-06-22T20:25:14.920Z] > authorizing via signed-in user
[debug] [2019-06-22T20:25:14.920Z] [iam] checking project knicks-tennis for permissions ["firebase.projects.get"]
[debug] [2019-06-22T20:25:14.922Z] > refreshing access token with scopes: ["email","https://www.googleapis.com/auth/cloud-platform","https://www.googleapis.com/auth/cloudplatformprojects.readonly","https://www.googleapis.com/auth/firebase","openid"]
[debug] [2019-06-22T20:25:14.922Z] >>> HTTP REQUEST POST https://www.googleapis.com/oauth2/v3/token  
 <request body omitted>
[debug] [2019-06-22T20:25:15.079Z] <<< HTTP RESPONSE 200
[debug] [2019-06-22T20:25:15.094Z] >>> HTTP REQUEST POST https://cloudresourcemanager.googleapis.com/v1/projects/knicks-tennis:testIamPermissions  

[debug] [2019-06-22T20:25:15.339Z] <<< HTTP RESPONSE 200
[debug] [2019-06-22T20:25:15.340Z] >>> HTTP REQUEST GET https://cloudresourcemanager.googleapis.com/v1/projects/knicks-tennis  
 
[debug] [2019-06-22T20:25:15.544Z] <<< HTTP RESPONSE 200
[warn] !  Your requested "node" version "8" doesn't match your global version "10"
[debug] [2019-06-22T20:25:15.552Z] >>> HTTP REQUEST GET https://mobilesdk-pa.googleapis.com/v1/projects/21036445395:getServerAppConfig  
 
[debug] [2019-06-22T20:25:15.783Z] <<< HTTP RESPONSE 200
[info] +  functions: Emulator started at http://localhost:9000
[info] i  functions: Watching "C:\Users\Daniel F\Documents\dev\js\clubhouse-vue\functions" for Cloud Functions...
[debug] [2019-06-22T20:25:16.404Z] Functions runtime initialized.
[debug] [2019-06-22T20:25:16.404Z] Disabled runtime features: {"functions_config_helper":true,"network_filtering":true,"timeout":true,"memory_limiting":true,"protect_env":true,"admin_stubs":true}
[debug] [2019-06-22T20:25:16.518Z] firebase-admin has been stubbed.
[info] i  functions: HTTP trigger initialized at http://localhost:9000/knicks-tennis/us-central1/clubhouse
[debug] [2019-06-22T20:25:20.110Z] Accepted request GET /knicks-tennis/us-central1/clubhouse/sessions --> clubhouse
[debug] [2019-06-22T20:25:20.748Z] Functions runtime initialized.
[info] i  functions: Beginning execution of "clubhouse"
[debug] [2019-06-22T20:25:20.751Z] Disabled runtime features: {"functions_config_helper":true,"network_filtering":true,"timeout":true,"memory_limiting":true,"protect_env":true,"admin_stubs":true}
[debug] [2019-06-22T20:25:20.898Z] firebase-admin has been stubbed.
[debug] [2019-06-22T20:25:21.150Z] Trigger "clubhouse" has been found, beginning invocation!
[debug] [2019-06-22T20:25:21.150Z] 
[debug] [2019-06-22T20:25:21.150Z] Running clubhouse in mode HTTPS
[debug] [2019-06-22T20:25:21.159Z] {"socketPath":"\\\\?\\pipe\\C:\\Users\\Daniel F\\Documents\\dev\\js\\clubhouse-vue\\functions\\138892"}
[debug] [2019-06-22T20:25:21.161Z] [functions] Runtime ready! Sending request! {"socketPath":"\\\\?\\pipe\\C:\\Users\\Daniel F\\Documents\\dev\\js\\clubhouse-vue\\functions\\138892"}
[debug] [2019-06-22T20:25:21.168Z] Ephemeral server used!
[debug] [2019-06-22T20:25:21.169Z] Bodyundefined
[debug] [2019-06-22T20:25:21.174Z] Ephemeral server survived.
[info] >  (node:138892) UnhandledPromiseRejectionWarning: ReferenceError: timemillis is not defined
[info] >      at app.get (C:\Users\Daniel F\Documents\dev\js\clubhouse-vue\functions\index.js:51:16)
[info] >      at Layer.handle [as handle_request] (C:\Users\Daniel F\Documents\dev\js\clubhouse-vue\functions\node_modules\express\lib\router\layer.js:95:5)
[info] >      at next (C:\Users\Daniel F\Documents\dev\js\clubhouse-vue\functions\node_modules\express\lib\router\route.js:137:13)
[info] >      at Route.dispatch (C:\Users\Daniel F\Documents\dev\js\clubhouse-vue\functions\node_modules\express\lib\router\route.js:112:3)
[info] >      at Layer.handle [as handle_request] (C:\Users\Daniel F\Documents\dev\js\clubhouse-vue\functions\node_modules\express\lib\router\layer.js:95:5)
[info] >      at C:\Users\Daniel F\Documents\dev\js\clubhouse-vue\functions\node_modules\express\lib\router\index.js:281:22
[info] >      at Function.process_params (C:\Users\Daniel F\Documents\dev\js\clubhouse-vue\functions\node_modules\express\lib\router\index.js:335:12)
[info] >      at next (C:\Users\Daniel F\Documents\dev\js\clubhouse-vue\functions\node_modules\express\lib\router\index.js:275:10)
[info] >      at cors (C:\Users\Daniel F\Documents\dev\js\clubhouse-vue\functions\node_modules\cors\lib\index.js:188:7)
[info] >      at C:\Users\Daniel F\Documents\dev\js\clubhouse-vue\functions\node_modules\cors\lib\index.js:224:17
[info] >  (node:138892) UnhandledPromiseRejectionWarning: Unhandled promise rejection. This error originated either by throwing inside of an async function without a catch block, or by rejecting a promise which was not handled with .catch(). (rejection id: 1)
[info] >  (node:138892) [DEP0018] DeprecationWarning: Unhandled promise rejections are deprecated. In the future, promise rejections that are not handled will terminate the Node.js process with a non-zero exit code.
[debug] [2019-06-22T20:25:56.138Z] File C:\Users\Daniel F\Documents\dev\js\clubhouse-vue\functions\index.js changed, reloading triggers
[debug] [2019-06-22T20:25:57.823Z] Functions runtime initialized.
[debug] [2019-06-22T20:25:57.824Z] Disabled runtime features: {"functions_config_helper":true,"network_filtering":true,"timeout":true,"memory_limiting":true,"protect_env":true,"admin_stubs":true}
[debug] [2019-06-22T20:25:57.954Z] firebase-admin has been stubbed.
[debug] [2019-06-22T20:26:00.739Z] Accepted request GET /knicks-tennis/us-central1/clubhouse/sessions --> clubhouse
[debug] [2019-06-22T20:26:01.344Z] Functions runtime initialized.
[info] i  functions: Beginning execution of "clubhouse"
[debug] [2019-06-22T20:26:01.346Z] Disabled runtime features: {"functions_config_helper":true,"network_filtering":true,"timeout":true,"memory_limiting":true,"protect_env":true,"admin_stubs":true}
[debug] [2019-06-22T20:26:01.471Z] firebase-admin has been stubbed.
[debug] [2019-06-22T20:26:01.725Z] Trigger "clubhouse" has been found, beginning invocation!
[debug] [2019-06-22T20:26:01.725Z] 
[debug] [2019-06-22T20:26:01.725Z] Running clubhouse in mode HTTPS
[debug] [2019-06-22T20:26:01.734Z] {"socketPath":"\\\\?\\pipe\\C:\\Users\\Daniel F\\Documents\\dev\\js\\clubhouse-vue\\functions\\131372"}
[debug] [2019-06-22T20:26:01.735Z] [functions] Runtime ready! Sending request! {"socketPath":"\\\\?\\pipe\\C:\\Users\\Daniel F\\Documents\\dev\\js\\clubhouse-vue\\functions\\131372"}
[debug] [2019-06-22T20:26:01.742Z] Ephemeral server used!
[debug] [2019-06-22T20:26:01.742Z] Bodyundefined
[debug] [2019-06-22T20:26:01.748Z] Ephemeral server survived.
[info] >  (node:131372) UnhandledPromiseRejectionWarning: ReferenceError: timemillis is not defined
[info] >      at app.get (C:\Users\Daniel F\Documents\dev\js\clubhouse-vue\functions\index.js:51:16)
[info] >      at Layer.handle [as handle_request] (C:\Users\Daniel F\Documents\dev\js\clubhouse-vue\functions\node_modules\express\lib\router\layer.js:95:5)
[info] >      at next (C:\Users\Daniel F\Documents\dev\js\clubhouse-vue\functions\node_modules\express\lib\router\route.js:137:13)
[info] >      at Route.dispatch (C:\Users\Daniel F\Documents\dev\js\clubhouse-vue\functions\node_modules\express\lib\router\route.js:112:3)
[info] >      at Layer.handle [as handle_request] (C:\Users\Daniel F\Documents\dev\js\clubhouse-vue\functions\node_modules\express\lib\router\layer.js:95:5)
[info] >      at C:\Users\Daniel F\Documents\dev\js\clubhouse-vue\functions\node_modules\express\lib\router\index.js:281:22
[info] >      at Function.process_params (C:\Users\Daniel F\Documents\dev\js\clubhouse-vue\functions\node_modules\express\lib\router\index.js:335:12)
[info] >      at next (C:\Users\Daniel F\Documents\dev\js\clubhouse-vue\functions\node_modules\express\lib\router\index.js:275:10)
[info] >      at cors (C:\Users\Daniel F\Documents\dev\js\clubhouse-vue\functions\node_modules\cors\lib\index.js:188:7)
[info] >      at C:\Users\Daniel F\Documents\dev\js\clubhouse-vue\functions\node_modules\cors\lib\index.js:224:17
[info] >  (node:131372) UnhandledPromiseRejectionWarning: Unhandled promise rejection. This error originated either by throwing inside of an async function without a catch block, or by rejecting a promise which was not handled with .catch(). (rejection id: 1)
[info] >  (node:131372) [DEP0018] DeprecationWarning: Unhandled promise rejections are deprecated. In the future, promise rejections that are not handled will terminate the Node.js process with a non-zero exit code.
[debug] [2019-06-22T20:26:17.968Z] File C:\Users\Daniel F\Documents\dev\js\clubhouse-vue\functions\index.js changed, reloading triggers
[debug] [2019-06-22T20:26:19.655Z] Functions runtime initialized.
[debug] [2019-06-22T20:26:19.657Z] Disabled runtime features: {"functions_config_helper":true,"network_filtering":true,"timeout":true,"memory_limiting":true,"protect_env":true,"admin_stubs":true}
[debug] [2019-06-22T20:26:19.784Z] firebase-admin has been stubbed.
[debug] [2019-06-22T20:26:20.392Z] Accepted request GET /knicks-tennis/us-central1/clubhouse/sessions --> clubhouse
[debug] [2019-06-22T20:26:20.951Z] Functions runtime initialized.
[info] i  functions: Beginning execution of "clubhouse"
[debug] [2019-06-22T20:26:20.953Z] Disabled runtime features: {"functions_config_helper":true,"network_filtering":true,"timeout":true,"memory_limiting":true,"protect_env":true,"admin_stubs":true}
[debug] [2019-06-22T20:26:21.072Z] firebase-admin has been stubbed.
[debug] [2019-06-22T20:26:21.330Z] Trigger "clubhouse" has been found, beginning invocation!
[debug] [2019-06-22T20:26:21.330Z] 
[debug] [2019-06-22T20:26:21.330Z] Running clubhouse in mode HTTPS
[debug] [2019-06-22T20:26:21.338Z] {"socketPath":"\\\\?\\pipe\\C:\\Users\\Daniel F\\Documents\\dev\\js\\clubhouse-vue\\functions\\143608"}
[debug] [2019-06-22T20:26:21.340Z] [functions] Runtime ready! Sending request! {"socketPath":"\\\\?\\pipe\\C:\\Users\\Daniel F\\Documents\\dev\\js\\clubhouse-vue\\functions\\143608"}
[debug] [2019-06-22T20:26:21.346Z] Ephemeral server used!
[debug] [2019-06-22T20:26:21.347Z] Bodyundefined
[debug] [2019-06-22T20:26:21.357Z] Ephemeral server survived.
[info] i  functions: Finished "clubhouse" in ~1s
[debug] [2019-06-22T20:26:27.668Z] Accepted request GET /knicks-tennis/us-central1/clubhouse/sessions?100 --> clubhouse
[debug] [2019-06-22T20:26:28.241Z] Functions runtime initialized.
[info] i  functions: Beginning execution of "clubhouse"
[debug] [2019-06-22T20:26:28.243Z] Disabled runtime features: {"functions_config_helper":true,"network_filtering":true,"timeout":true,"memory_limiting":true,"protect_env":true,"admin_stubs":true}
[debug] [2019-06-22T20:26:28.360Z] firebase-admin has been stubbed.
[debug] [2019-06-22T20:26:28.613Z] Trigger "clubhouse" has been found, beginning invocation!
[debug] [2019-06-22T20:26:28.614Z] 
[debug] [2019-06-22T20:26:28.614Z] Running clubhouse in mode HTTPS
[debug] [2019-06-22T20:26:28.622Z] {"socketPath":"\\\\?\\pipe\\C:\\Users\\Daniel F\\Documents\\dev\\js\\clubhouse-vue\\functions\\145108"}
[debug] [2019-06-22T20:26:28.623Z] [functions] Runtime ready! Sending request! {"socketPath":"\\\\?\\pipe\\C:\\Users\\Daniel F\\Documents\\dev\\js\\clubhouse-vue\\functions\\145108"}
[debug] [2019-06-22T20:26:28.630Z] Ephemeral server used!
[debug] [2019-06-22T20:26:28.631Z] Bodyundefined
[debug] [2019-06-22T20:26:28.642Z] Ephemeral server survived.
[info] i  functions: Finished "clubhouse" in ~1s
[debug] [2019-06-22T20:26:40.812Z] Accepted request GET /knicks-tennis/us-central1/clubhouse/sessions?date=100 --> clubhouse
[debug] [2019-06-22T20:26:41.401Z] Functions runtime initialized.
[info] i  functions: Beginning execution of "clubhouse"
[debug] [2019-06-22T20:26:41.403Z] Disabled runtime features: {"functions_config_helper":true,"network_filtering":true,"timeout":true,"memory_limiting":true,"protect_env":true,"admin_stubs":true}
[debug] [2019-06-22T20:26:41.519Z] firebase-admin has been stubbed.
[debug] [2019-06-22T20:26:41.772Z] Trigger "clubhouse" has been found, beginning invocation!
[debug] [2019-06-22T20:26:41.772Z] 
[debug] [2019-06-22T20:26:41.772Z] Running clubhouse in mode HTTPS
[debug] [2019-06-22T20:26:41.780Z] {"socketPath":"\\\\?\\pipe\\C:\\Users\\Daniel F\\Documents\\dev\\js\\clubhouse-vue\\functions\\145212"}
[debug] [2019-06-22T20:26:41.782Z] [functions] Runtime ready! Sending request! {"socketPath":"\\\\?\\pipe\\C:\\Users\\Daniel F\\Documents\\dev\\js\\clubhouse-vue\\functions\\145212"}
[debug] [2019-06-22T20:26:41.789Z] Ephemeral server used!
[debug] [2019-06-22T20:26:41.790Z] Bodyundefined
[debug] [2019-06-22T20:26:41.801Z] Ephemeral server survived.
[info] i  functions: Finished "clubhouse" in ~1s
[debug] [2019-06-22T20:27:44.214Z] File C:\Users\Daniel F\Documents\dev\js\clubhouse-vue\functions\index.js changed, reloading triggers
[debug] [2019-06-22T20:27:45.810Z] Functions runtime initialized.
[debug] [2019-06-22T20:27:45.811Z] Disabled runtime features: {"functions_config_helper":true,"network_filtering":true,"timeout":true,"memory_limiting":true,"protect_env":true,"admin_stubs":true}
[debug] [2019-06-22T20:27:45.932Z] firebase-admin has been stubbed.
[debug] [2019-06-22T20:27:49.738Z] File C:\Users\Daniel F\Documents\dev\js\clubhouse-vue\functions\index.js changed, reloading triggers
[debug] [2019-06-22T20:27:51.324Z] Functions runtime initialized.
[debug] [2019-06-22T20:27:51.325Z] Disabled runtime features: {"functions_config_helper":true,"network_filtering":true,"timeout":true,"memory_limiting":true,"protect_env":true,"admin_stubs":true}
[debug] [2019-06-22T20:27:51.453Z] firebase-admin has been stubbed.
[debug] [2019-06-22T20:27:53.769Z] Accepted request GET /knicks-tennis/us-central1/clubhouse/sessions?date=100 --> clubhouse
[debug] [2019-06-22T20:27:54.349Z] Functions runtime initialized.
[info] i  functions: Beginning execution of "clubhouse"
[debug] [2019-06-22T20:27:54.351Z] Disabled runtime features: {"functions_config_helper":true,"network_filtering":true,"timeout":true,"memory_limiting":true,"protect_env":true,"admin_stubs":true}
[debug] [2019-06-22T20:27:54.466Z] firebase-admin has been stubbed.
[debug] [2019-06-22T20:27:54.712Z] Trigger "clubhouse" has been found, beginning invocation!
[debug] [2019-06-22T20:27:54.712Z] 
[debug] [2019-06-22T20:27:54.712Z] Running clubhouse in mode HTTPS
[debug] [2019-06-22T20:27:54.721Z] {"socketPath":"\\\\?\\pipe\\C:\\Users\\Daniel F\\Documents\\dev\\js\\clubhouse-vue\\functions\\144096"}
[debug] [2019-06-22T20:27:54.722Z] [functions] Runtime ready! Sending request! {"socketPath":"\\\\?\\pipe\\C:\\Users\\Daniel F\\Documents\\dev\\js\\clubhouse-vue\\functions\\144096"}
[debug] [2019-06-22T20:27:54.729Z] Ephemeral server used!
[debug] [2019-06-22T20:27:54.730Z] Bodyundefined
[debug] [2019-06-22T20:27:55.261Z] Ephemeral server survived.
[info] i  functions: Finished "clubhouse" in ~1s
[debug] [2019-06-22T20:29:53.489Z] Accepted request GET /knicks-tennis/us-central1/clubhouse/sessions?date=1548392400000 --> clubhouse
[debug] [2019-06-22T20:29:54.059Z] Functions runtime initialized.
[info] i  functions: Beginning execution of "clubhouse"
[debug] [2019-06-22T20:29:54.061Z] Disabled runtime features: {"functions_config_helper":true,"network_filtering":true,"timeout":true,"memory_limiting":true,"protect_env":true,"admin_stubs":true}
[debug] [2019-06-22T20:29:54.176Z] firebase-admin has been stubbed.
[debug] [2019-06-22T20:29:54.442Z] Trigger "clubhouse" has been found, beginning invocation!
[debug] [2019-06-22T20:29:54.442Z] 
[debug] [2019-06-22T20:29:54.442Z] Running clubhouse in mode HTTPS
[debug] [2019-06-22T20:29:54.451Z] {"socketPath":"\\\\?\\pipe\\C:\\Users\\Daniel F\\Documents\\dev\\js\\clubhouse-vue\\functions\\144564"}
[debug] [2019-06-22T20:29:54.452Z] [functions] Runtime ready! Sending request! {"socketPath":"\\\\?\\pipe\\C:\\Users\\Daniel F\\Documents\\dev\\js\\clubhouse-vue\\functions\\144564"}
[debug] [2019-06-22T20:29:54.460Z] Ephemeral server used!
[debug] [2019-06-22T20:29:54.461Z] Bodyundefined
[debug] [2019-06-22T20:29:54.962Z] Ephemeral server survived.
[info] i  functions: Finished "clubhouse" in ~1s
[debug] [2019-06-22T20:30:56.247Z] File C:\Users\Daniel F\Documents\dev\js\clubhouse-vue\functions\dbqueries.js changed, reloading triggers
[debug] [2019-06-22T20:30:57.893Z] Functions runtime initialized.
[debug] [2019-06-22T20:30:57.894Z] Disabled runtime features: {"functions_config_helper":true,"network_filtering":true,"timeout":true,"memory_limiting":true,"protect_env":true,"admin_stubs":true}
[debug] [2019-06-22T20:30:58.029Z] firebase-admin has been stubbed.
[debug] [2019-06-22T20:31:02.966Z] Accepted request GET /knicks-tennis/us-central1/clubhouse/sessions?date=1548392400000 --> clubhouse
[debug] [2019-06-22T20:31:03.532Z] Functions runtime initialized.
[info] i  functions: Beginning execution of "clubhouse"
[debug] [2019-06-22T20:31:03.533Z] Disabled runtime features: {"functions_config_helper":true,"network_filtering":true,"timeout":true,"memory_limiting":true,"protect_env":true,"admin_stubs":true}
[debug] [2019-06-22T20:31:03.648Z] firebase-admin has been stubbed.
[debug] [2019-06-22T20:31:03.901Z] Trigger "clubhouse" has been found, beginning invocation!
[debug] [2019-06-22T20:31:03.901Z] 
[debug] [2019-06-22T20:31:03.901Z] Running clubhouse in mode HTTPS
[debug] [2019-06-22T20:31:03.910Z] {"socketPath":"\\\\?\\pipe\\C:\\Users\\Daniel F\\Documents\\dev\\js\\clubhouse-vue\\functions\\143936"}
[debug] [2019-06-22T20:31:03.911Z] [functions] Runtime ready! Sending request! {"socketPath":"\\\\?\\pipe\\C:\\Users\\Daniel F\\Documents\\dev\\js\\clubhouse-vue\\functions\\143936"}
[debug] [2019-06-22T20:31:03.919Z] Ephemeral server used!
[debug] [2019-06-22T20:31:03.919Z] Bodyundefined
[debug] [2019-06-22T20:31:04.429Z] Ephemeral server survived.
[info] i  functions: Finished "clubhouse" in ~1s
[debug] [2019-06-23T00:48:25.253Z] ----------------------------------------------------------------------
[debug] [2019-06-23T00:48:25.255Z] Command:       C:\Program Files\nodejs\node.exe C:\Users\Daniel F\AppData\Roaming\npm\node_modules\firebase-tools\lib\bin\firebase.js serve --only functions --port=9000
[debug] [2019-06-23T00:48:25.255Z] CLI Version:   7.0.0
[debug] [2019-06-23T00:48:25.255Z] Platform:      win32
[debug] [2019-06-23T00:48:25.256Z] Node Version:  v10.13.0
[debug] [2019-06-23T00:48:25.257Z] Time:          Sat Jun 22 2019 20:48:25 GMT-0400 (Eastern Daylight Time)
[debug] [2019-06-23T00:48:25.257Z] ----------------------------------------------------------------------
[debug] 
[debug] [2019-06-23T00:48:25.270Z] > command requires scopes: ["email","openid","https://www.googleapis.com/auth/cloudplatformprojects.readonly","https://www.googleapis.com/auth/firebase","https://www.googleapis.com/auth/cloud-platform"]
[debug] [2019-06-23T00:48:25.271Z] > authorizing via signed-in user
[debug] [2019-06-23T00:48:25.271Z] [iam] checking project knicks-tennis for permissions ["firebase.projects.get"]
[debug] [2019-06-23T00:48:25.273Z] > refreshing access token with scopes: ["email","https://www.googleapis.com/auth/cloud-platform","https://www.googleapis.com/auth/cloudplatformprojects.readonly","https://www.googleapis.com/auth/firebase","openid"]
[debug] [2019-06-23T00:48:25.273Z] >>> HTTP REQUEST POST https://www.googleapis.com/oauth2/v3/token  
 <request body omitted>
[debug] [2019-06-23T00:48:25.438Z] <<< HTTP RESPONSE 200
[debug] [2019-06-23T00:48:25.449Z] >>> HTTP REQUEST POST https://cloudresourcemanager.googleapis.com/v1/projects/knicks-tennis:testIamPermissions  

[debug] [2019-06-23T00:48:25.683Z] <<< HTTP RESPONSE 200
[debug] [2019-06-23T00:48:25.684Z] >>> HTTP REQUEST GET https://cloudresourcemanager.googleapis.com/v1/projects/knicks-tennis  
 
[debug] [2019-06-23T00:48:25.779Z] <<< HTTP RESPONSE 200
[warn] !  Your requested "node" version "8" doesn't match your global version "10"
[debug] [2019-06-23T00:48:25.788Z] >>> HTTP REQUEST GET https://mobilesdk-pa.googleapis.com/v1/projects/21036445395:getServerAppConfig  
 
[debug] [2019-06-23T00:48:25.991Z] <<< HTTP RESPONSE 200
[info] +  functions: Emulator started at http://localhost:9000
[info] i  functions: Watching "C:\Users\Daniel F\Documents\dev\js\clubhouse-vue\functions" for Cloud Functions...
[debug] [2019-06-23T00:48:26.557Z] Functions runtime initialized.
[debug] [2019-06-23T00:48:26.557Z] Disabled runtime features: {"functions_config_helper":true,"network_filtering":true,"timeout":true,"memory_limiting":true,"protect_env":true,"admin_stubs":true}
[debug] [2019-06-23T00:48:26.673Z] firebase-admin has been stubbed.
[info] i  functions: HTTP trigger initialized at http://localhost:9000/knicks-tennis/us-central1/clubhouse
[debug] [2019-06-23T00:53:04.742Z] Accepted request GET /knicks-tennis/us-central1/clubhouse --> clubhouse
[debug] [2019-06-23T00:53:05.423Z] Functions runtime initialized.
[info] i  functions: Beginning execution of "clubhouse"
[debug] [2019-06-23T00:53:05.425Z] Disabled runtime features: {"functions_config_helper":true,"network_filtering":true,"timeout":true,"memory_limiting":true,"protect_env":true,"admin_stubs":true}
[debug] [2019-06-23T00:53:05.560Z] firebase-admin has been stubbed.
[debug] [2019-06-23T00:53:05.837Z] Trigger "clubhouse" has been found, beginning invocation!
[debug] [2019-06-23T00:53:05.837Z] 
[debug] [2019-06-23T00:53:05.837Z] Running clubhouse in mode HTTPS
[debug] [2019-06-23T00:53:05.846Z] {"socketPath":"\\\\?\\pipe\\C:\\Users\\Daniel F\\Documents\\dev\\js\\clubhouse-vue\\functions\\147936"}
[debug] [2019-06-23T00:53:05.849Z] [functions] Runtime ready! Sending request! {"socketPath":"\\\\?\\pipe\\C:\\Users\\Daniel F\\Documents\\dev\\js\\clubhouse-vue\\functions\\147936"}
[debug] [2019-06-23T00:53:05.857Z] Ephemeral server used!
[debug] [2019-06-23T00:53:05.858Z] Bodyundefined
[debug] [2019-06-23T00:53:05.870Z] Ephemeral server survived.
[info] i  functions: Finished "clubhouse" in ~1s
[debug] [2019-06-23T00:53:12.648Z] Accepted request GET /knicks-tennis/us-central1/clubhouse/members --> clubhouse
[debug] [2019-06-23T00:53:13.216Z] Functions runtime initialized.
[info] i  functions: Beginning execution of "clubhouse"
[debug] [2019-06-23T00:53:13.217Z] Disabled runtime features: {"functions_config_helper":true,"network_filtering":true,"timeout":true,"memory_limiting":true,"protect_env":true,"admin_stubs":true}
[debug] [2019-06-23T00:53:13.332Z] firebase-admin has been stubbed.
[debug] [2019-06-23T00:53:13.570Z] Trigger "clubhouse" has been found, beginning invocation!
[debug] [2019-06-23T00:53:13.570Z] 
[debug] [2019-06-23T00:53:13.570Z] Running clubhouse in mode HTTPS
[debug] [2019-06-23T00:53:13.579Z] {"socketPath":"\\\\?\\pipe\\C:\\Users\\Daniel F\\Documents\\dev\\js\\clubhouse-vue\\functions\\148224"}
[debug] [2019-06-23T00:53:13.580Z] [functions] Runtime ready! Sending request! {"socketPath":"\\\\?\\pipe\\C:\\Users\\Daniel F\\Documents\\dev\\js\\clubhouse-vue\\functions\\148224"}
[debug] [2019-06-23T00:53:13.586Z] Ephemeral server used!
[debug] [2019-06-23T00:53:13.587Z] Bodyundefined
[debug] [2019-06-23T00:53:14.186Z] Ephemeral server survived.
[info] i  functions: Finished "clubhouse" in ~1s
[debug] [2019-06-23T00:57:16.293Z] File C:\Users\Daniel F\Documents\dev\js\clubhouse-vue\functions\dbqueries.js changed, reloading triggers
[debug] [2019-06-23T00:57:17.923Z] Functions runtime initialized.
[debug] [2019-06-23T00:57:17.925Z] Disabled runtime features: {"functions_config_helper":true,"network_filtering":true,"timeout":true,"memory_limiting":true,"protect_env":true,"admin_stubs":true}
[debug] [2019-06-23T00:57:18.108Z] firebase-admin has been stubbed.
[debug] [2019-06-23T00:57:21.085Z] Accepted request GET /knicks-tennis/us-central1/clubhouse/members --> clubhouse
[debug] [2019-06-23T00:57:21.646Z] Functions runtime initialized.
[info] i  functions: Beginning execution of "clubhouse"
[debug] [2019-06-23T00:57:21.648Z] Disabled runtime features: {"functions_config_helper":true,"network_filtering":true,"timeout":true,"memory_limiting":true,"protect_env":true,"admin_stubs":true}
[debug] [2019-06-23T00:57:21.763Z] firebase-admin has been stubbed.
[debug] [2019-06-23T00:57:22.010Z] Trigger "clubhouse" has been found, beginning invocation!
[debug] [2019-06-23T00:57:22.010Z] 
[debug] [2019-06-23T00:57:22.010Z] Running clubhouse in mode HTTPS
[debug] [2019-06-23T00:57:22.019Z] {"socketPath":"\\\\?\\pipe\\C:\\Users\\Daniel F\\Documents\\dev\\js\\clubhouse-vue\\functions\\148028"}
[debug] [2019-06-23T00:57:22.020Z] [functions] Runtime ready! Sending request! {"socketPath":"\\\\?\\pipe\\C:\\Users\\Daniel F\\Documents\\dev\\js\\clubhouse-vue\\functions\\148028"}
[debug] [2019-06-23T00:57:22.027Z] Ephemeral server used!
[debug] [2019-06-23T00:57:22.028Z] Bodyundefined
[debug] [2019-06-23T00:57:22.547Z] Ephemeral server survived.
[info] i  functions: Finished "clubhouse" in ~1s
[debug] [2019-06-23T00:57:31.411Z] File C:\Users\Daniel F\Documents\dev\js\clubhouse-vue\functions\dbqueries.js changed, reloading triggers
[debug] [2019-06-23T00:57:33.014Z] Functions runtime initialized.
[debug] [2019-06-23T00:57:33.016Z] Disabled runtime features: {"functions_config_helper":true,"network_filtering":true,"timeout":true,"memory_limiting":true,"protect_env":true,"admin_stubs":true}
[debug] [2019-06-23T00:57:33.146Z] firebase-admin has been stubbed.
[debug] [2019-06-23T00:57:51.621Z] File C:\Users\Daniel F\Documents\dev\js\clubhouse-vue\functions\dbqueries.js changed, reloading triggers
[debug] [2019-06-23T00:57:53.245Z] Functions runtime initialized.
[debug] [2019-06-23T00:57:53.246Z] Disabled runtime features: {"functions_config_helper":true,"network_filtering":true,"timeout":true,"memory_limiting":true,"protect_env":true,"admin_stubs":true}
[debug] [2019-06-23T00:57:53.369Z] firebase-admin has been stubbed.
[debug] [2019-06-23T00:59:52.116Z] Accepted request POST /knicks-tennis/us-central1/clubhouse/members --> clubhouse
[debug] [2019-06-23T00:59:52.161Z] Accepted request GET /knicks-tennis/us-central1/clubhouse/courts --> clubhouse
[debug] [2019-06-23T00:59:52.882Z] Functions runtime initialized.
[info] i  functions: Beginning execution of "clubhouse"
[debug] [2019-06-23T00:59:52.885Z] Disabled runtime features: {"functions_config_helper":true,"network_filtering":true,"timeout":true,"memory_limiting":true,"protect_env":true,"admin_stubs":true}
[debug] [2019-06-23T00:59:52.942Z] Functions runtime initialized.
[info] i  functions: Beginning execution of "clubhouse"
[debug] [2019-06-23T00:59:52.943Z] Disabled runtime features: {"functions_config_helper":true,"network_filtering":true,"timeout":true,"memory_limiting":true,"protect_env":true,"admin_stubs":true}
[debug] [2019-06-23T00:59:53.022Z] firebase-admin has been stubbed.
[debug] [2019-06-23T00:59:53.069Z] firebase-admin has been stubbed.
[debug] [2019-06-23T00:59:53.292Z] Trigger "clubhouse" has been found, beginning invocation!
[debug] [2019-06-23T00:59:53.293Z] 
[debug] [2019-06-23T00:59:53.293Z] Running clubhouse in mode HTTPS
[debug] [2019-06-23T00:59:53.301Z] {"socketPath":"\\\\?\\pipe\\C:\\Users\\Daniel F\\Documents\\dev\\js\\clubhouse-vue\\functions\\148564"}
[debug] [2019-06-23T00:59:53.302Z] [functions] Runtime ready! Sending request! {"socketPath":"\\\\?\\pipe\\C:\\Users\\Daniel F\\Documents\\dev\\js\\clubhouse-vue\\functions\\148564"}
[debug] [2019-06-23T00:59:53.309Z] Ephemeral server used!
[debug] [2019-06-23T00:59:53.310Z] Bodyundefined
[debug] [2019-06-23T00:59:53.319Z] Ephemeral server survived.
[info] i  functions: Finished "clubhouse" in ~1s
[debug] [2019-06-23T00:59:53.327Z] Trigger "clubhouse" has been found, beginning invocation!
[debug] [2019-06-23T00:59:53.328Z] 
[debug] [2019-06-23T00:59:53.328Z] Running clubhouse in mode HTTPS
[debug] [2019-06-23T00:59:53.345Z] {"socketPath":"\\\\?\\pipe\\C:\\Users\\Daniel F\\Documents\\dev\\js\\clubhouse-vue\\functions\\148572"}
[debug] [2019-06-23T00:59:53.346Z] [functions] Runtime ready! Sending request! {"socketPath":"\\\\?\\pipe\\C:\\Users\\Daniel F\\Documents\\dev\\js\\clubhouse-vue\\functions\\148572"}
[debug] [2019-06-23T00:59:53.353Z] Ephemeral server used!
[debug] [2019-06-23T00:59:53.354Z] Bodyundefined
[debug] [2019-06-23T00:59:53.862Z] Ephemeral server survived.
[info] i  functions: Finished "clubhouse" in ~1s
[debug] [2019-06-23T01:00:01.307Z] Accepted request GET /knicks-tennis/us-central1/clubhouse/getCourtStatus --> clubhouse
[debug] [2019-06-23T01:00:01.896Z] Functions runtime initialized.
[info] i  functions: Beginning execution of "clubhouse"
[debug] [2019-06-23T01:00:01.898Z] Disabled runtime features: {"functions_config_helper":true,"network_filtering":true,"timeout":true,"memory_limiting":true,"protect_env":true,"admin_stubs":true}
[debug] [2019-06-23T01:00:02.021Z] firebase-admin has been stubbed.
[debug] [2019-06-23T01:00:02.267Z] Trigger "clubhouse" has been found, beginning invocation!
[debug] [2019-06-23T01:00:02.267Z] 
[debug] [2019-06-23T01:00:02.267Z] Running clubhouse in mode HTTPS
[debug] [2019-06-23T01:00:02.275Z] {"socketPath":"\\\\?\\pipe\\C:\\Users\\Daniel F\\Documents\\dev\\js\\clubhouse-vue\\functions\\148912"}
[debug] [2019-06-23T01:00:02.276Z] [functions] Runtime ready! Sending request! {"socketPath":"\\\\?\\pipe\\C:\\Users\\Daniel F\\Documents\\dev\\js\\clubhouse-vue\\functions\\148912"}
[debug] [2019-06-23T01:00:02.283Z] Ephemeral server used!
[debug] [2019-06-23T01:00:02.283Z] Bodyundefined
[debug] [2019-06-23T01:00:02.292Z] Ephemeral server survived.
[info] i  functions: Finished "clubhouse" in ~1s
[debug] [2019-06-23T01:02:08.979Z] Accepted request GET /knicks-tennis/us-central1/clubhouse/getCourtStatus --> clubhouse
[debug] [2019-06-23T01:02:09.549Z] Functions runtime initialized.
[info] i  functions: Beginning execution of "clubhouse"
[debug] [2019-06-23T01:02:09.551Z] Disabled runtime features: {"functions_config_helper":true,"network_filtering":true,"timeout":true,"memory_limiting":true,"protect_env":true,"admin_stubs":true}
[debug] [2019-06-23T01:02:09.673Z] firebase-admin has been stubbed.
[debug] [2019-06-23T01:02:09.940Z] Trigger "clubhouse" has been found, beginning invocation!
[debug] [2019-06-23T01:02:09.940Z] 
[debug] [2019-06-23T01:02:09.940Z] Running clubhouse in mode HTTPS
[debug] [2019-06-23T01:02:09.949Z] {"socketPath":"\\\\?\\pipe\\C:\\Users\\Daniel F\\Documents\\dev\\js\\clubhouse-vue\\functions\\137008"}
[debug] [2019-06-23T01:02:09.950Z] [functions] Runtime ready! Sending request! {"socketPath":"\\\\?\\pipe\\C:\\Users\\Daniel F\\Documents\\dev\\js\\clubhouse-vue\\functions\\137008"}
[debug] [2019-06-23T01:02:09.956Z] Ephemeral server used!
[debug] [2019-06-23T01:02:09.957Z] Bodyundefined
[debug] [2019-06-23T01:02:09.966Z] Ephemeral server survived.
[info] i  functions: Finished "clubhouse" in ~1s
[debug] [2019-06-23T01:02:24.110Z] Accepted request GET /knicks-tennis/us-central1/clubhouse/getCourtStatus --> clubhouse
[debug] [2019-06-23T01:02:24.696Z] Functions runtime initialized.
[info] i  functions: Beginning execution of "clubhouse"
[debug] [2019-06-23T01:02:24.697Z] Disabled runtime features: {"functions_config_helper":true,"network_filtering":true,"timeout":true,"memory_limiting":true,"protect_env":true,"admin_stubs":true}
[debug] [2019-06-23T01:02:24.811Z] firebase-admin has been stubbed.
[debug] [2019-06-23T01:02:25.059Z] Trigger "clubhouse" has been found, beginning invocation!
[debug] [2019-06-23T01:02:25.059Z] 
[debug] [2019-06-23T01:02:25.059Z] Running clubhouse in mode HTTPS
[debug] [2019-06-23T01:02:25.068Z] {"socketPath":"\\\\?\\pipe\\C:\\Users\\Daniel F\\Documents\\dev\\js\\clubhouse-vue\\functions\\149288"}
[debug] [2019-06-23T01:02:25.069Z] [functions] Runtime ready! Sending request! {"socketPath":"\\\\?\\pipe\\C:\\Users\\Daniel F\\Documents\\dev\\js\\clubhouse-vue\\functions\\149288"}
[debug] [2019-06-23T01:02:25.075Z] Ephemeral server used!
[debug] [2019-06-23T01:02:25.076Z] Bodyundefined
[debug] [2019-06-23T01:02:25.085Z] Ephemeral server survived.
[info] i  functions: Finished "clubhouse" in ~1s
[debug] [2019-06-23T01:50:16.063Z] Accepted request GET /knicks-tennis/us-central1/clubhouse/sessions --> clubhouse
[debug] [2019-06-23T01:50:16.628Z] Functions runtime initialized.
[info] i  functions: Beginning execution of "clubhouse"
[debug] [2019-06-23T01:50:16.630Z] Disabled runtime features: {"functions_config_helper":true,"network_filtering":true,"timeout":true,"memory_limiting":true,"protect_env":true,"admin_stubs":true}
[debug] [2019-06-23T01:50:16.750Z] firebase-admin has been stubbed.
[debug] [2019-06-23T01:50:16.993Z] Trigger "clubhouse" has been found, beginning invocation!
[debug] [2019-06-23T01:50:16.993Z] 
[debug] [2019-06-23T01:50:16.993Z] Running clubhouse in mode HTTPS
[debug] [2019-06-23T01:50:17.001Z] {"socketPath":"\\\\?\\pipe\\C:\\Users\\Daniel F\\Documents\\dev\\js\\clubhouse-vue\\functions\\143112"}
[debug] [2019-06-23T01:50:17.002Z] [functions] Runtime ready! Sending request! {"socketPath":"\\\\?\\pipe\\C:\\Users\\Daniel F\\Documents\\dev\\js\\clubhouse-vue\\functions\\143112"}
[debug] [2019-06-23T01:50:17.009Z] Ephemeral server used!
[debug] [2019-06-23T01:50:17.010Z] Bodyundefined
[debug] [2019-06-23T01:50:17.503Z] Ephemeral server survived.
[info] i  functions: Finished "clubhouse" in ~1s
[debug] [2019-06-23T02:20:14.193Z] Accepted request POST /knicks-tennis/us-central1/clubhouse/members --> clubhouse
[debug] [2019-06-23T02:20:14.235Z] Accepted request GET /knicks-tennis/us-central1/clubhouse/courts --> clubhouse
[debug] [2019-06-23T02:20:14.945Z] Functions runtime initialized.
[info] i  functions: Beginning execution of "clubhouse"
[debug] [2019-06-23T02:20:14.948Z] Disabled runtime features: {"functions_config_helper":true,"network_filtering":true,"timeout":true,"memory_limiting":true,"protect_env":true,"admin_stubs":true}
[debug] [2019-06-23T02:20:15.007Z] Functions runtime initialized.
[info] i  functions: Beginning execution of "clubhouse"
[debug] [2019-06-23T02:20:15.013Z] Disabled runtime features: {"functions_config_helper":true,"network_filtering":true,"timeout":true,"memory_limiting":true,"protect_env":true,"admin_stubs":true}
[debug] [2019-06-23T02:20:15.078Z] firebase-admin has been stubbed.
[debug] [2019-06-23T02:20:15.132Z] firebase-admin has been stubbed.
[debug] [2019-06-23T02:20:15.330Z] Trigger "clubhouse" has been found, beginning invocation!
[debug] [2019-06-23T02:20:15.330Z] 
[debug] [2019-06-23T02:20:15.330Z] Running clubhouse in mode HTTPS
[debug] [2019-06-23T02:20:15.338Z] {"socketPath":"\\\\?\\pipe\\C:\\Users\\Daniel F\\Documents\\dev\\js\\clubhouse-vue\\functions\\153432"}
[debug] [2019-06-23T02:20:15.339Z] [functions] Runtime ready! Sending request! {"socketPath":"\\\\?\\pipe\\C:\\Users\\Daniel F\\Documents\\dev\\js\\clubhouse-vue\\functions\\153432"}
[debug] [2019-06-23T02:20:15.346Z] Ephemeral server used!
[debug] [2019-06-23T02:20:15.347Z] Bodyundefined
[debug] [2019-06-23T02:20:15.356Z] Ephemeral server survived.
[info] i  functions: Finished "clubhouse" in ~1s
[debug] [2019-06-23T02:20:15.385Z] Trigger "clubhouse" has been found, beginning invocation!
[debug] [2019-06-23T02:20:15.386Z] 
[debug] [2019-06-23T02:20:15.386Z] Running clubhouse in mode HTTPS
[debug] [2019-06-23T02:20:15.395Z] {"socketPath":"\\\\?\\pipe\\C:\\Users\\Daniel F\\Documents\\dev\\js\\clubhouse-vue\\functions\\153440"}
[debug] [2019-06-23T02:20:15.395Z] [functions] Runtime ready! Sending request! {"socketPath":"\\\\?\\pipe\\C:\\Users\\Daniel F\\Documents\\dev\\js\\clubhouse-vue\\functions\\153440"}
[debug] [2019-06-23T02:20:15.402Z] Ephemeral server used!
[debug] [2019-06-23T02:20:15.403Z] Bodyundefined
[debug] [2019-06-23T02:20:15.913Z] Ephemeral server survived.
[info] i  functions: Finished "clubhouse" in ~1s
[debug] [2019-06-23T03:34:58.447Z] Accepted request GET /knicks-tennis/us-central1/clubhouse/getCourtStatus --> clubhouse
[debug] [2019-06-23T03:34:59.118Z] Functions runtime initialized.
[info] i  functions: Beginning execution of "clubhouse"
[debug] [2019-06-23T03:34:59.120Z] Disabled runtime features: {"functions_config_helper":true,"network_filtering":true,"timeout":true,"memory_limiting":true,"protect_env":true,"admin_stubs":true}
[debug] [2019-06-23T03:34:59.251Z] firebase-admin has been stubbed.
[debug] [2019-06-23T03:34:59.511Z] Trigger "clubhouse" has been found, beginning invocation!
[debug] [2019-06-23T03:34:59.511Z] 
[debug] [2019-06-23T03:34:59.512Z] Running clubhouse in mode HTTPS
[debug] [2019-06-23T03:34:59.520Z] {"socketPath":"\\\\?\\pipe\\C:\\Users\\Daniel F\\Documents\\dev\\js\\clubhouse-vue\\functions\\152716"}
[debug] [2019-06-23T03:34:59.521Z] [functions] Runtime ready! Sending request! {"socketPath":"\\\\?\\pipe\\C:\\Users\\Daniel F\\Documents\\dev\\js\\clubhouse-vue\\functions\\152716"}
[debug] [2019-06-23T03:34:59.529Z] Ephemeral server used!
[debug] [2019-06-23T03:34:59.530Z] Bodyundefined
[debug] [2019-06-23T03:34:59.539Z] Ephemeral server survived.
[info] i  functions: Finished "clubhouse" in ~1s
[debug] [2019-06-23T03:40:25.389Z] Accepted request GET /knicks-tennis/us-central1/clubhouse/getCourtStatus --> clubhouse
[debug] [2019-06-23T03:40:25.977Z] Functions runtime initialized.
[info] i  functions: Beginning execution of "clubhouse"
[debug] [2019-06-23T03:40:25.979Z] Disabled runtime features: {"functions_config_helper":true,"network_filtering":true,"timeout":true,"memory_limiting":true,"protect_env":true,"admin_stubs":true}
[debug] [2019-06-23T03:40:26.095Z] firebase-admin has been stubbed.
[debug] [2019-06-23T03:40:26.341Z] Trigger "clubhouse" has been found, beginning invocation!
[debug] [2019-06-23T03:40:26.341Z] 
[debug] [2019-06-23T03:40:26.341Z] Running clubhouse in mode HTTPS
[debug] [2019-06-23T03:40:26.350Z] {"socketPath":"\\\\?\\pipe\\C:\\Users\\Daniel F\\Documents\\dev\\js\\clubhouse-vue\\functions\\154468"}
[debug] [2019-06-23T03:40:26.351Z] [functions] Runtime ready! Sending request! {"socketPath":"\\\\?\\pipe\\C:\\Users\\Daniel F\\Documents\\dev\\js\\clubhouse-vue\\functions\\154468"}
[debug] [2019-06-23T03:40:26.358Z] Ephemeral server used!
[debug] [2019-06-23T03:40:26.360Z] Bodyundefined
[debug] [2019-06-23T03:40:26.371Z] Ephemeral server survived.
[info] i  functions: Finished "clubhouse" in ~1s
[debug] [2019-06-23T03:59:26.100Z] Accepted request POST /knicks-tennis/us-central1/clubhouse/members --> clubhouse
[debug] [2019-06-23T03:59:26.161Z] Accepted request GET /knicks-tennis/us-central1/clubhouse/courts --> clubhouse
[debug] [2019-06-23T03:59:26.841Z] Functions runtime initialized.
[info] i  functions: Beginning execution of "clubhouse"
[debug] [2019-06-23T03:59:26.843Z] Disabled runtime features: {"functions_config_helper":true,"network_filtering":true,"timeout":true,"memory_limiting":true,"protect_env":true,"admin_stubs":true}
[debug] [2019-06-23T03:59:26.856Z] Functions runtime initialized.
[info] i  functions: Beginning execution of "clubhouse"
[debug] [2019-06-23T03:59:26.858Z] Disabled runtime features: {"functions_config_helper":true,"network_filtering":true,"timeout":true,"memory_limiting":true,"protect_env":true,"admin_stubs":true}
[debug] [2019-06-23T03:59:26.968Z] firebase-admin has been stubbed.
[debug] [2019-06-23T03:59:26.982Z] firebase-admin has been stubbed.
[debug] [2019-06-23T03:59:27.225Z] Trigger "clubhouse" has been found, beginning invocation!
[debug] [2019-06-23T03:59:27.225Z] 
[debug] [2019-06-23T03:59:27.225Z] Running clubhouse in mode HTTPS
[debug] [2019-06-23T03:59:27.234Z] {"socketPath":"\\\\?\\pipe\\C:\\Users\\Daniel F\\Documents\\dev\\js\\clubhouse-vue\\functions\\142004"}
[debug] [2019-06-23T03:59:27.235Z] [functions] Runtime ready! Sending request! {"socketPath":"\\\\?\\pipe\\C:\\Users\\Daniel F\\Documents\\dev\\js\\clubhouse-vue\\functions\\142004"}
[debug] [2019-06-23T03:59:27.239Z] Trigger "clubhouse" has been found, beginning invocation!
[debug] [2019-06-23T03:59:27.239Z] 
[debug] [2019-06-23T03:59:27.239Z] Running clubhouse in mode HTTPS
[debug] [2019-06-23T03:59:27.241Z] Ephemeral server used!
[debug] [2019-06-23T03:59:27.242Z] Bodyundefined
[debug] [2019-06-23T03:59:27.247Z] {"socketPath":"\\\\?\\pipe\\C:\\Users\\Daniel F\\Documents\\dev\\js\\clubhouse-vue\\functions\\157160"}
[debug] [2019-06-23T03:59:27.248Z] [functions] Runtime ready! Sending request! {"socketPath":"\\\\?\\pipe\\C:\\Users\\Daniel F\\Documents\\dev\\js\\clubhouse-vue\\functions\\157160"}
[debug] [2019-06-23T03:59:27.256Z] Ephemeral server survived.
[info] i  functions: Finished "clubhouse" in ~1s
[debug] [2019-06-23T03:59:27.262Z] Ephemeral server used!
[debug] [2019-06-23T03:59:27.262Z] Bodyundefined
[debug] [2019-06-23T03:59:27.755Z] Ephemeral server survived.
[info] i  functions: Finished "clubhouse" in ~1s
[debug] [2019-06-23T10:33:55.322Z] ----------------------------------------------------------------------
[debug] [2019-06-23T10:33:55.324Z] Command:       C:\Program Files\nodejs\node.exe C:\Users\Daniel F\AppData\Roaming\npm\node_modules\firebase-tools\lib\bin\firebase.js serve --only functions --port=9000
[debug] [2019-06-23T10:33:55.325Z] CLI Version:   7.0.0
[debug] [2019-06-23T10:33:55.325Z] Platform:      win32
[debug] [2019-06-23T10:33:55.325Z] Node Version:  v10.13.0
[debug] [2019-06-23T10:33:55.326Z] Time:          Sun Jun 23 2019 06:33:55 GMT-0400 (Eastern Daylight Time)
[debug] [2019-06-23T10:33:55.326Z] ----------------------------------------------------------------------
[debug] 
[debug] [2019-06-23T10:33:55.339Z] > command requires scopes: ["email","openid","https://www.googleapis.com/auth/cloudplatformprojects.readonly","https://www.googleapis.com/auth/firebase","https://www.googleapis.com/auth/cloud-platform"]
[debug] [2019-06-23T10:33:55.339Z] > authorizing via signed-in user
[debug] [2019-06-23T10:33:55.339Z] [iam] checking project knicks-tennis for permissions ["firebase.projects.get"]
[debug] [2019-06-23T10:33:55.341Z] > refreshing access token with scopes: ["email","https://www.googleapis.com/auth/cloud-platform","https://www.googleapis.com/auth/cloudplatformprojects.readonly","https://www.googleapis.com/auth/firebase","openid"]
[debug] [2019-06-23T10:33:55.341Z] >>> HTTP REQUEST POST https://www.googleapis.com/oauth2/v3/token  
 <request body omitted>
[debug] [2019-06-23T10:33:55.504Z] <<< HTTP RESPONSE 200
[debug] [2019-06-23T10:33:55.512Z] >>> HTTP REQUEST POST https://cloudresourcemanager.googleapis.com/v1/projects/knicks-tennis:testIamPermissions  

[debug] [2019-06-23T10:33:55.756Z] <<< HTTP RESPONSE 200
[debug] [2019-06-23T10:33:55.757Z] >>> HTTP REQUEST GET https://cloudresourcemanager.googleapis.com/v1/projects/knicks-tennis  
 
[debug] [2019-06-23T10:33:55.961Z] <<< HTTP RESPONSE 200
[warn] !  Your requested "node" version "8" doesn't match your global version "10"
[debug] [2019-06-23T10:33:55.969Z] >>> HTTP REQUEST GET https://mobilesdk-pa.googleapis.com/v1/projects/21036445395:getServerAppConfig  
 
[debug] [2019-06-23T10:33:56.212Z] <<< HTTP RESPONSE 200
[info] +  functions: Emulator started at http://localhost:9000
[info] i  functions: Watching "C:\Users\Daniel F\Documents\dev\js\clubhouse-vue\functions" for Cloud Functions...
[debug] [2019-06-23T10:33:56.789Z] Functions runtime initialized.
[debug] [2019-06-23T10:33:56.789Z] Disabled runtime features: {"functions_config_helper":true,"network_filtering":true,"timeout":true,"memory_limiting":true,"protect_env":true,"admin_stubs":true}
[debug] [2019-06-23T10:33:56.907Z] firebase-admin has been stubbed.
[info] i  functions: HTTP trigger initialized at http://localhost:9000/knicks-tennis/us-central1/clubhouse
[debug] [2019-06-23T10:34:02.395Z] Accepted request POST /knicks-tennis/us-central1/clubhouse/members --> clubhouse
[debug] [2019-06-23T10:34:02.427Z] Accepted request GET /knicks-tennis/us-central1/clubhouse/courts --> clubhouse
[debug] [2019-06-23T10:34:03.198Z] Functions runtime initialized.
[info] i  functions: Beginning execution of "clubhouse"
[debug] [2019-06-23T10:34:03.200Z] Disabled runtime features: {"functions_config_helper":true,"network_filtering":true,"timeout":true,"memory_limiting":true,"protect_env":true,"admin_stubs":true}
[debug] [2019-06-23T10:34:03.251Z] Functions runtime initialized.
[info] i  functions: Beginning execution of "clubhouse"
[debug] [2019-06-23T10:34:03.253Z] Disabled runtime features: {"functions_config_helper":true,"network_filtering":true,"timeout":true,"memory_limiting":true,"protect_env":true,"admin_stubs":true}
[debug] [2019-06-23T10:34:03.337Z] firebase-admin has been stubbed.
[debug] [2019-06-23T10:34:03.400Z] firebase-admin has been stubbed.
[debug] [2019-06-23T10:34:03.619Z] Trigger "clubhouse" has been found, beginning invocation!
[debug] [2019-06-23T10:34:03.619Z] 
[debug] [2019-06-23T10:34:03.620Z] Running clubhouse in mode HTTPS
[debug] [2019-06-23T10:34:03.631Z] {"socketPath":"\\\\?\\pipe\\C:\\Users\\Daniel F\\Documents\\dev\\js\\clubhouse-vue\\functions\\159420"}
[debug] [2019-06-23T10:34:03.634Z] [functions] Runtime ready! Sending request! {"socketPath":"\\\\?\\pipe\\C:\\Users\\Daniel F\\Documents\\dev\\js\\clubhouse-vue\\functions\\159420"}
[debug] [2019-06-23T10:34:03.642Z] Ephemeral server used!
[debug] [2019-06-23T10:34:03.643Z] Bodyundefined
[debug] [2019-06-23T10:34:03.654Z] Ephemeral server survived.
[info] i  functions: Finished "clubhouse" in ~1s
[debug] [2019-06-23T10:34:03.676Z] Trigger "clubhouse" has been found, beginning invocation!
[debug] [2019-06-23T10:34:03.676Z] 
[debug] [2019-06-23T10:34:03.676Z] Running clubhouse in mode HTTPS
[debug] [2019-06-23T10:34:03.686Z] {"socketPath":"\\\\?\\pipe\\C:\\Users\\Daniel F\\Documents\\dev\\js\\clubhouse-vue\\functions\\115100"}
[debug] [2019-06-23T10:34:03.687Z] [functions] Runtime ready! Sending request! {"socketPath":"\\\\?\\pipe\\C:\\Users\\Daniel F\\Documents\\dev\\js\\clubhouse-vue\\functions\\115100"}
[debug] [2019-06-23T10:34:03.696Z] Ephemeral server used!
[debug] [2019-06-23T10:34:03.696Z] Bodyundefined
[debug] [2019-06-23T10:34:04.317Z] Ephemeral server survived.
[info] i  functions: Finished "clubhouse" in ~1s
[debug] [2019-06-23T11:27:52.959Z] Accepted request POST /knicks-tennis/us-central1/clubhouse/members --> clubhouse
[debug] [2019-06-23T11:27:52.996Z] Accepted request GET /knicks-tennis/us-central1/clubhouse/courts --> clubhouse
[debug] [2019-06-23T11:27:53.655Z] Functions runtime initialized.
[info] i  functions: Beginning execution of "clubhouse"
[debug] [2019-06-23T11:27:53.657Z] Functions runtime initialized.
[debug] [2019-06-23T11:27:53.657Z] Disabled runtime features: {"functions_config_helper":true,"network_filtering":true,"timeout":true,"memory_limiting":true,"protect_env":true,"admin_stubs":true}
[info] i  functions: Beginning execution of "clubhouse"
[debug] [2019-06-23T11:27:53.658Z] Disabled runtime features: {"functions_config_helper":true,"network_filtering":true,"timeout":true,"memory_limiting":true,"protect_env":true,"admin_stubs":true}
[debug] [2019-06-23T11:27:53.776Z] firebase-admin has been stubbed.
[debug] [2019-06-23T11:27:53.780Z] firebase-admin has been stubbed.
[debug] [2019-06-23T11:27:54.052Z] Trigger "clubhouse" has been found, beginning invocation!
[debug] [2019-06-23T11:27:54.052Z] 
[debug] [2019-06-23T11:27:54.052Z] Running clubhouse in mode HTTPS
[debug] [2019-06-23T11:27:54.053Z] Trigger "clubhouse" has been found, beginning invocation!
[debug] [2019-06-23T11:27:54.053Z] 
[debug] [2019-06-23T11:27:54.053Z] Running clubhouse in mode HTTPS
[debug] [2019-06-23T11:27:54.060Z] {"socketPath":"\\\\?\\pipe\\C:\\Users\\Daniel F\\Documents\\dev\\js\\clubhouse-vue\\functions\\164280"}
[debug] [2019-06-23T11:27:54.062Z] [functions] Runtime ready! Sending request! {"socketPath":"\\\\?\\pipe\\C:\\Users\\Daniel F\\Documents\\dev\\js\\clubhouse-vue\\functions\\164280"}
[debug] [2019-06-23T11:27:54.064Z] {"socketPath":"\\\\?\\pipe\\C:\\Users\\Daniel F\\Documents\\dev\\js\\clubhouse-vue\\functions\\164336"}
[debug] [2019-06-23T11:27:54.065Z] [functions] Runtime ready! Sending request! {"socketPath":"\\\\?\\pipe\\C:\\Users\\Daniel F\\Documents\\dev\\js\\clubhouse-vue\\functions\\164336"}
[debug] [2019-06-23T11:27:54.069Z] Ephemeral server used!
[debug] [2019-06-23T11:27:54.069Z] Bodyundefined
[debug] [2019-06-23T11:27:54.072Z] Ephemeral server used!
[debug] [2019-06-23T11:27:54.073Z] Bodyundefined
[debug] [2019-06-23T11:27:54.078Z] Ephemeral server survived.
[info] i  functions: Finished "clubhouse" in ~1s
[debug] [2019-06-23T11:27:54.597Z] Ephemeral server survived.
[info] i  functions: Finished "clubhouse" in ~1s
